<?xml version="1.0" encoding="UTF-8"?>
<testng-results skipped="0" failed="1" ignored="0" total="2" passed="1">
  <reporter-output>
  </reporter-output>
  <suite name="Default suite" duration-ms="16018" started-at="2020-04-20T11:42:36 BST" finished-at="2020-04-20T11:42:52 BST">
    <groups>
    </groups>
    <test name="Default test" duration-ms="16018" started-at="2020-04-20T11:42:36 BST" finished-at="2020-04-20T11:42:52 BST">
      <class name="TestNG.Test_1">
        <test-method status="PASS" signature="verifyTitle()[pri:0, instance:TestNG.Test_1@731a74c]" name="verifyTitle" duration-ms="11556" started-at="2020-04-20T11:42:36 BST" finished-at="2020-04-20T11:42:47 BST">
          <reporter-output>
          </reporter-output>
        </test-method> <!-- verifyTitle -->
        <test-method status="FAIL" signature="verifyUrl()[pri:0, instance:TestNG.Test_1@731a74c]" name="verifyUrl" duration-ms="4386" started-at="2020-04-20T11:42:47 BST" finished-at="2020-04-20T11:42:52 BST">
          <exception class="org.openqa.selenium.SessionNotCreatedException">
            <message>
              <![CDATA[session not created
from disconnected: received Inspector.detached event
  (Session info: chrome=81.0.4044.113)
Build info: version: '3.141.59', revision: 'e82be7d358', time: '2018-11-14T08:25:48'
System info: host: 'DESKTOP-2P6A9NL', ip: '192.168.56.1', os.name: 'Windows 10', os.arch: 'amd64', os.version: '10.0', java.version: '1.8.0_251'
Driver info: driver.version: ChromeDriver
remote stacktrace: Backtrace:
Ordinal0 [0x00815F73+2449267]
Ordinal0 [0x00748361+1606497]
Ordinal0 [0x0063F969+522601]
Ordinal0 [0x00638179+491897]
Ordinal0 [0x00637D8C+490892]
Ordinal0 [0x00637686+489094]
Ordinal0 [0x00636C8C+486540]
Ordinal0 [0x00636EC5+487109]
Ordinal0 [0x00636905+485637]
Ordinal0 [0x0063E6C5+517829]
Ordinal0 [0x006368C2+485570]
Ordinal0 [0x00637329+488233]
Ordinal0 [0x00636C8C+486540]
Ordinal0 [0x00636EC5+487109]
Ordinal0 [0x00636905+485637]
Ordinal0 [0x0063CEAE+511662]
Ordinal0 [0x006368C2+485570]
Ordinal0 [0x00637329+488233]
Ordinal0 [0x00636C8C+486540]
Ordinal0 [0x00636EC5+487109]
Ordinal0 [0x00636905+485637]
Ordinal0 [0x0063B71C+505628]
Ordinal0 [0x006368C2+485570]
Ordinal0 [0x00637329+488233]
Ordinal0 [0x00636C8C+486540]
Ordinal0 [0x00636EC5+487109]
Ordinal0 [0x00636905+485637]
Ordinal0 [0x0063ADB7+503223]
Ordinal0 [0x006368C2+485570]
Ordinal0 [0x00637329+488233]
Ordinal0 [0x00636C8C+486540]
Ordinal0 [0x00636EC5+487109]
Ordinal0 [0x00636905+485637]
Ordinal0 [0x006331AC+471468]
Ordinal0 [0x006368C2+485570]
Ordinal0 [0x00636817+485399]
Ordinal0 [0x00640600+525824]
Ordinal0 [0x005ECBB9+183225]
Ordinal0 [0x005EBF2D+180013]
Ordinal0 [0x005E9E5B+171611]
Ordinal0 [0x005D1DD8+73176]
Ordinal0 [0x005D2E50+77392]
Ordinal0 [0x005D2DE9+77289]
Ordinal0 [0x0075D8D7+1693911]
GetHandleVerifier [0x008B4036+522726]
GetHandleVerifier [0x008B3D74+522020]
GetHandleVerifier [0x008C9187+609079]
GetHandleVerifier [0x008B48A6+524886]
Ordinal0 [0x00755CBC+1662140]
Ordinal0 [0x0075F23B+1700411]
Ordinal0 [0x0075F3A3+1700771]
Ordinal0 [0x00775215+1790485]
BaseThreadInitThunk [0x77016359+25]
RtlGetAppContainerNamedObjectPath [0x77437C14+228]
RtlGetAppContainerNamedObjectPath [0x77437BE4+180]
]]>
            </message>
            <full-stacktrace>
              <![CDATA[org.openqa.selenium.SessionNotCreatedException: session not created
from disconnected: received Inspector.detached event
  (Session info: chrome=81.0.4044.113)
Build info: version: '3.141.59', revision: 'e82be7d358', time: '2018-11-14T08:25:48'
System info: host: 'DESKTOP-2P6A9NL', ip: '192.168.56.1', os.name: 'Windows 10', os.arch: 'amd64', os.version: '10.0', java.version: '1.8.0_251'
Driver info: driver.version: ChromeDriver
remote stacktrace: Backtrace:
Ordinal0 [0x00815F73+2449267]
Ordinal0 [0x00748361+1606497]
Ordinal0 [0x0063F969+522601]
Ordinal0 [0x00638179+491897]
Ordinal0 [0x00637D8C+490892]
Ordinal0 [0x00637686+489094]
Ordinal0 [0x00636C8C+486540]
Ordinal0 [0x00636EC5+487109]
Ordinal0 [0x00636905+485637]
Ordinal0 [0x0063E6C5+517829]
Ordinal0 [0x006368C2+485570]
Ordinal0 [0x00637329+488233]
Ordinal0 [0x00636C8C+486540]
Ordinal0 [0x00636EC5+487109]
Ordinal0 [0x00636905+485637]
Ordinal0 [0x0063CEAE+511662]
Ordinal0 [0x006368C2+485570]
Ordinal0 [0x00637329+488233]
Ordinal0 [0x00636C8C+486540]
Ordinal0 [0x00636EC5+487109]
Ordinal0 [0x00636905+485637]
Ordinal0 [0x0063B71C+505628]
Ordinal0 [0x006368C2+485570]
Ordinal0 [0x00637329+488233]
Ordinal0 [0x00636C8C+486540]
Ordinal0 [0x00636EC5+487109]
Ordinal0 [0x00636905+485637]
Ordinal0 [0x0063ADB7+503223]
Ordinal0 [0x006368C2+485570]
Ordinal0 [0x00637329+488233]
Ordinal0 [0x00636C8C+486540]
Ordinal0 [0x00636EC5+487109]
Ordinal0 [0x00636905+485637]
Ordinal0 [0x006331AC+471468]
Ordinal0 [0x006368C2+485570]
Ordinal0 [0x00636817+485399]
Ordinal0 [0x00640600+525824]
Ordinal0 [0x005ECBB9+183225]
Ordinal0 [0x005EBF2D+180013]
Ordinal0 [0x005E9E5B+171611]
Ordinal0 [0x005D1DD8+73176]
Ordinal0 [0x005D2E50+77392]
Ordinal0 [0x005D2DE9+77289]
Ordinal0 [0x0075D8D7+1693911]
GetHandleVerifier [0x008B4036+522726]
GetHandleVerifier [0x008B3D74+522020]
GetHandleVerifier [0x008C9187+609079]
GetHandleVerifier [0x008B48A6+524886]
Ordinal0 [0x00755CBC+1662140]
Ordinal0 [0x0075F23B+1700411]
Ordinal0 [0x0075F3A3+1700771]
Ordinal0 [0x00775215+1790485]
BaseThreadInitThunk [0x77016359+25]
RtlGetAppContainerNamedObjectPath [0x77437C14+228]
RtlGetAppContainerNamedObjectPath [0x77437BE4+180]

at sun.reflect.NativeConstructorAccessorImpl.newInstance0(Native Method)
at sun.reflect.NativeConstructorAccessorImpl.newInstance(Unknown Source)
at sun.reflect.DelegatingConstructorAccessorImpl.newInstance(Unknown Source)
at java.lang.reflect.Constructor.newInstance(Unknown Source)
at org.openqa.selenium.remote.W3CHandshakeResponse.lambda$errorHandler$0(W3CHandshakeResponse.java:62)
at org.openqa.selenium.remote.HandshakeResponse.lambda$getResponseFunction$0(HandshakeResponse.java:30)
at org.openqa.selenium.remote.ProtocolHandshake.lambda$createSession$0(ProtocolHandshake.java:126)
at java.util.stream.ReferencePipeline$3$1.accept(Unknown Source)
at java.util.Spliterators$ArraySpliterator.tryAdvance(Unknown Source)
at java.util.stream.ReferencePipeline.forEachWithCancel(Unknown Source)
at java.util.stream.AbstractPipeline.copyIntoWithCancel(Unknown Source)
at java.util.stream.AbstractPipeline.copyInto(Unknown Source)
at java.util.stream.AbstractPipeline.wrapAndCopyInto(Unknown Source)
at java.util.stream.FindOps$FindOp.evaluateSequential(Unknown Source)
at java.util.stream.AbstractPipeline.evaluate(Unknown Source)
at java.util.stream.ReferencePipeline.findFirst(Unknown Source)
at org.openqa.selenium.remote.ProtocolHandshake.createSession(ProtocolHandshake.java:128)
at org.openqa.selenium.remote.ProtocolHandshake.createSession(ProtocolHandshake.java:74)
at org.openqa.selenium.remote.HttpCommandExecutor.execute(HttpCommandExecutor.java:136)
at org.openqa.selenium.remote.service.DriverCommandExecutor.execute(DriverCommandExecutor.java:83)
at org.openqa.selenium.remote.RemoteWebDriver.execute(RemoteWebDriver.java:552)
at org.openqa.selenium.remote.RemoteWebDriver.startSession(RemoteWebDriver.java:213)
at org.openqa.selenium.remote.RemoteWebDriver.<init>(RemoteWebDriver.java:131)
at org.openqa.selenium.chrome.ChromeDriver.<init>(ChromeDriver.java:181)
at org.openqa.selenium.chrome.ChromeDriver.<init>(ChromeDriver.java:168)
at org.openqa.selenium.chrome.ChromeDriver.<init>(ChromeDriver.java:123)
at TestNG.Test_1.verifyUrl(Test_1.java:12)
at sun.reflect.NativeMethodAccessorImpl.invoke0(Native Method)
at sun.reflect.NativeMethodAccessorImpl.invoke(Unknown Source)
at sun.reflect.DelegatingMethodAccessorImpl.invoke(Unknown Source)
at java.lang.reflect.Method.invoke(Unknown Source)
at org.testng.internal.MethodInvocationHelper.invokeMethod(MethodInvocationHelper.java:135)
at org.testng.internal.TestInvoker.invokeMethod(TestInvoker.java:598)
at org.testng.internal.TestInvoker.invokeTestMethod(TestInvoker.java:174)
at org.testng.internal.MethodRunner.runInSequence(MethodRunner.java:46)
at org.testng.internal.TestInvoker$MethodInvocationAgent.invoke(TestInvoker.java:821)
at org.testng.internal.TestInvoker.invokeTestMethods(TestInvoker.java:147)
at org.testng.internal.TestMethodWorker.invokeTestMethods(TestMethodWorker.java:146)
at org.testng.internal.TestMethodWorker.run(TestMethodWorker.java:128)
at java.util.ArrayList.forEach(Unknown Source)
at org.testng.TestRunner.privateRun(TestRunner.java:767)
at org.testng.TestRunner.run(TestRunner.java:588)
at org.testng.SuiteRunner.runTest(SuiteRunner.java:384)
at org.testng.SuiteRunner.runSequentially(SuiteRunner.java:378)
at org.testng.SuiteRunner.privateRun(SuiteRunner.java:337)
at org.testng.SuiteRunner.run(SuiteRunner.java:286)
at org.testng.SuiteRunnerWorker.runSuite(SuiteRunnerWorker.java:53)
at org.testng.SuiteRunnerWorker.run(SuiteRunnerWorker.java:96)
at org.testng.TestNG.runSuitesSequentially(TestNG.java:1214)
at org.testng.TestNG.runSuitesLocally(TestNG.java:1136)
at org.testng.TestNG.runSuites(TestNG.java:1066)
at org.testng.TestNG.run(TestNG.java:1034)
at org.testng.remote.AbstractRemoteTestNG.run(AbstractRemoteTestNG.java:115)
at org.testng.remote.RemoteTestNG.initAndRun(RemoteTestNG.java:251)
at org.testng.remote.RemoteTestNG.main(RemoteTestNG.java:77)
]]>
            </full-stacktrace>
          </exception> <!-- org.openqa.selenium.SessionNotCreatedException -->
          <reporter-output>
          </reporter-output>
        </test-method> <!-- verifyUrl -->
      </class> <!-- TestNG.Test_1 -->
    </test> <!-- Default test -->
  </suite> <!-- Default suite -->
</testng-results>
